<?xml version="1.0" encoding="UTF-8"?>
<!-- Generated by org.testng.reporters.JUnitReportReporter -->
<testsuite name="com.testcases.TestProp" tests="1" time="12.157" ignored="0" failures="0" timestamp="22 Oct 2017 01:54:13 GMT" skipped="0" hostname="Sumit_Sharma" errors="0">
  <testcase name="test" time="12.157" classname="com.testcases.TestProp"/>
</testsuite> <!-- com.testcases.TestProp -->
