<?xml version="1.0" encoding="UTF-8"?>
<!-- Generated by org.testng.reporters.JUnitReportReporter -->
<testsuite skipped="0" hostname="Sumit_Sharma" name="com.testcases.LoginTest" tests="1" failures="0" timestamp="22 Oct 2017 04:53:58 GMT" time="9.603" errors="0">
  <testcase name="testLogin" time="9.603" classname="com.testcases.LoginTest"/>
</testsuite> <!-- com.testcases.LoginTest -->
