<?xml version="1.0" encoding="UTF-8"?>
<!-- Generated by org.testng.reporters.JUnitReportReporter -->
<testsuite skipped="0" hostname="Sumit_Sharma" name="com.testcases.SettingsTest" tests="1" failures="0" timestamp="22 Oct 2017 04:53:58 GMT" time="14.766" errors="0">
  <testcase name="settingsTest" time="14.766" classname="com.testcases.SettingsTest"/>
</testsuite> <!-- com.testcases.SettingsTest -->
