<?xml version="1.0" encoding="UTF-8"?>
<!-- Generated by org.testng.reporters.JUnitReportReporter -->
<testsuite skipped="0" hostname="Sumit_Sharma" name="com.testcases.SettingsTest" tests="1" failures="0" timestamp="22 Oct 2017 05:11:52 GMT" time="13.558" errors="0">
  <testcase name="settingsTest" time="13.558" classname="com.testcases.SettingsTest"/>
</testsuite> <!-- com.testcases.SettingsTest -->
