<?xml version="1.0" encoding="UTF-8"?>
<!-- Generated by org.testng.reporters.JUnitReportReporter -->
<testsuite skipped="0" hostname="Sumit_Sharma" name="com.testcases.LoginTest" tests="1" failures="0" timestamp="22 Oct 2017 05:11:52 GMT" time="9.776" errors="0">
  <testcase name="testLogin" time="9.776" classname="com.testcases.LoginTest"/>
</testsuite> <!-- com.testcases.LoginTest -->
